---------------------------------------------------------------
list of labels
---------------------------------------------------------------
[0000](0) l_start
[0014](20) l_set_pll_start
[0150](336) l_sdramphy_train
[0544](1348) l_calc_size
[05c4](1476) l_size_2g
[05e4](1508) l_size_1g
[0604](1540) l_size_512m
[0614](1556) l_size_done_0
[0654](1620) l_vga_size_16m
[0674](1652) l_vga_size_32m
[0694](1684) l_vga_size_64m
[06b4](1716) l_size_done_1
[06c4](1732) l_end
---------------------------------------------------------------
rom code patch
---------------------------------------------------------------
[0000] 1eadc0de
[0004] 0005300c
[0008] 1e6e2100
[000c] 00000040
[0010] 00000040
[0014] 00000002
[0018] 1e6e2220
[001c] 0288405f
[0020] fe800000
[0024] 00000001
[0028] 1e6e2224
[002c] 00000031
[0030] 0009c404
[0034] 00000002
[0038] 1e6e2220
[003c] fd7fffff
[0040] ffffffff
[0044] 00001808
[0048] 1e6e2224
[004c] 80000000
[0050] 80000000
[0054] 00000001
[0058] 1e6e0000
[005c] fc600309
[0060] 00001808
[0064] 1e6e0000
[0068] 00000001
[006c] 00000001
[0070] 00000001
[0074] 1e6e0034
[0078] 000000c0
[007c] 00000001
[0080] 1e6e0008
[0084] 00440003
[0088] 00000001
[008c] 1e6e0038
[0090] 00100000
[0094] 00000001
[0098] 1e6e003c
[009c] ffbbfff4
[00a0] 00000301
[00a4] 1e6e0040
[00a8] 44444444
[00ac] 44444444
[00b0] 44444444
[00b4] 44444444
[00b8] 00000001
[00bc] 1e6e0050
[00c0] 80000000
[00c4] 00000001
[00c8] 1e6e0054
[00cc] 07ffffff
[00d0] 00000001
[00d4] 1e6e0070
[00d8] 00000000
[00dc] 00000001
[00e0] 1e6e0074
[00e4] 80000001
[00e8] 00000101
[00ec] 1e6e0078
[00f0] 00000000
[00f4] 00000000
[00f8] 00000001
[00fc] 1e6e0080
[0100] ffffffff
[0104] 00000001
[0108] 1e6e0084
[010c] 00000000
[0110] 003a9804
[0114] 00000001
[0118] 1e6e0004
[011c] 00000017
[0120] 00000301
[0124] 1e6e0010
[0128] 040e0307
[012c] 0f4711f1
[0130] 0e060304
[0134] 00001240
[0138] 00000301
[013c] 1e6e0020
[0140] 03010510
[0144] 00000000
[0148] 04000000
[014c] 00000400
[0150] 00000001
[0154] 1e6e0060
[0158] 00000000
[015c] 0000fa04
[0160] 00002401
[0164] 1e6e0100
[0168] 00000000
[016c] 0c002062
[0170] 1a7a0063
[0174] 5a7a0063
[0178] 1a7a0063
[017c] 1a7a0063
[0180] 20000000
[0184] 20000000
[0188] 20000000
[018c] 20000000
[0190] 00000008
[0194] 00000000
[0198] 00077600
[019c] 00000000
[01a0] 00000000
[01a4] 20000000
[01a8] 50506000
[01ac] 50505050
[01b0] 00002f07
[01b4] 00003080
[01b8] 04000000
[01bc] 00000200
[01c0] 03140501
[01c4] 04800000
[01c8] 0800044e
[01cc] 00000000
[01d0] 00180008
[01d4] 00e00400
[01d8] 00140206
[01dc] 1d4c0000
[01e0] 493e0107
[01e4] 08060404
[01e8] 90000a00
[01ec] 06420c30
[01f0] 00001002
[01f4] 05701016
[01f8] 10000000
[01fc] 00000401
[0200] 1e6e019c
[0204] 20202020
[0208] 20202020
[020c] 00002020
[0210] 00002020
[0214] 00000001
[0218] 00000301
[021c] 1e6e01cc
[0220] 01010101
[0224] 01010101
[0228] 80808080
[022c] 80808080
[0230] 00000301
[0234] 1e6e0288
[0238] 80808080
[023c] 80808080
[0240] 80808080
[0244] 80808080
[0248] 00000101
[024c] 1e6e02f8
[0250] 90909090
[0254] 88888888
[0258] 00000001
[025c] 1e6e0300
[0260] 00000000
[0264] 00000001
[0268] 1e6e0194
[026c] 801112e0
[0270] 00000401
[0274] 1e6e019c
[0278] 20202020
[027c] 20202020
[0280] 00002020
[0284] 80000000
[0288] 00000001
[028c] 00000101
[0290] 1e6e0318
[0294] 09222719
[0298] 00aa4403
[029c] 00000001
[02a0] 1e6e0198
[02a4] 08060000
[02a8] 00000601
[02ac] 1e6e01b0
[02b0] 00000000
[02b4] 00000000
[02b8] 00000000
[02bc] 00000000
[02c0] 00000000
[02c4] 00000000
[02c8] 000aff2c
[02cc] 00002501
[02d0] 1e6e01dc
[02d4] 00080000
[02d8] 00000000
[02dc] aa55aa55
[02e0] 55aa55aa
[02e4] aaaa5555
[02e8] 5555aaaa
[02ec] aa55aa55
[02f0] 55aa55aa
[02f4] aaaa5555
[02f8] 5555aaaa
[02fc] aa55aa55
[0300] 55aa55aa
[0304] aaaa5555
[0308] 5555aaaa
[030c] aa55aa55
[0310] 55aa55aa
[0314] aaaa5555
[0318] 5555aaaa
[031c] 20202020
[0320] 20202020
[0324] 20202020
[0328] 20202020
[032c] 20202020
[0330] 20202020
[0334] 20202020
[0338] 20202020
[033c] 20202020
[0340] 20202020
[0344] 20202020
[0348] 20202020
[034c] 20202020
[0350] 20202020
[0354] 20202020
[0358] 20202020
[035c] 20202020
[0360] 20202020
[0364] 20202020
[0368] 20202020
[036c] 00001401
[0370] 1e6e0298
[0374] 20200800
[0378] 20202020
[037c] 20202020
[0380] 20202020
[0384] 20202020
[0388] 20202020
[038c] 20202020
[0390] 20202020
[0394] 20202020
[0398] 20202020
[039c] 20202020
[03a0] 20202020
[03a4] 20202020
[03a8] 20202020
[03ac] 20202020
[03b0] 20202020
[03b4] 20202020
[03b8] 20202020
[03bc] 20202020
[03c0] 20202020
[03c4] 00002020
[03c8] 00000001
[03cc] 1e6e0304
[03d0] 00000800
[03d4] 00000201
[03d8] 1e6e027c
[03dc] 4e400000
[03e0] 59595959
[03e4] 40404040
[03e8] 00000002
[03ec] 1e6e0184
[03f0] 00000c30
[03f4] fffe0000
[03f8] 00000001
[03fc] 1e6e0034
[0400] 000000c1
[0404] 00007d04
[0408] 00000001
[040c] 1e6e0060
[0410] 00000004
[0414] 00007d04
[0418] 00000001
[041c] 1e6e0060
[0420] 00000005
[0424] 0061a804
[0428] 00001808
[042c] 1e6e0060
[0430] 00000001
[0434] 00000001
[0438] 0030d404
[043c] 00000001
[0440] 1e6e000c
[0444] 00000040
[0448] 00000001
[044c] 1e6e0030
[0450] 00000007
[0454] 00000001
[0458] 1e6e0030
[045c] 0000000d
[0460] 00000001
[0464] 1e6e0030
[0468] 0000000b
[046c] 00000001
[0470] 1e6e0030
[0474] 00000009
[0478] 00000001
[047c] 1e6e0030
[0480] 00000005
[0484] 00000001
[0488] 1e6e0030
[048c] 00000003
[0490] 00000001
[0494] 1e6e0030
[0498] 00000011
[049c] 00000001
[04a0] 1e6e000c
[04a4] 00005f41
[04a8] 00001808
[04ac] 1e6e0034
[04b0] 00000000
[04b4] 70000000
[04b8] 00000001
[04bc] 1e6e000c
[04c0] 42aa5fa1
[04c4] 00000001
[04c8] 1e6e0034
[04cc] 000007a3
[04d0] 0030d404
[04d4] 00001808
[04d8] 1e6e0400
[04dc] 00000002
[04e0] 00000002
[04e4] fffc5c0c
[04e8] 1e6e0400
[04ec] 00000008
[04f0] 00000008
[04f4] fffc4c0c
[04f8] 1e6e0400
[04fc] 00000020
[0500] 00000020
[0504] fffc3c0c
[0508] 1e6e0468
[050c] 00000000
[0510] 000000ff
[0514] fffc2c0c
[0518] 1e6e047c
[051c] 00000000
[0520] 000000ff
[0524] fffc1c0c
[0528] 1e6e0450
[052c] 00000000
[0530] 0000ffff
[0534] fffc0c0c
[0538] 1e6e0450
[053c] 00000000
[0540] ffff0000
[0544] 00000001
[0548] c0100000
[054c] deadbeef
[0550] 00000001
[0554] a0100000
[0558] fdeadbee
[055c] 00000001
[0560] 90100000
[0564] efdeadbe
[0568] 00000001
[056c] 80100000
[0570] eefdeadb
[0574] 0000400c
[0578] c0100000
[057c] deadbeef
[0580] ffffffff
[0584] 0000500c
[0588] a0100000
[058c] fdeadbee
[0590] ffffffff
[0594] 0000600c
[0598] 90100000
[059c] efdeadbe
[05a0] ffffffff
[05a4] 00000002
[05a8] 1e6e0004
[05ac] 00000000
[05b0] fffffffc
[05b4] 0000500d
[05b8] 1e6e2004
[05bc] ffffffff
[05c0] 00000000
[05c4] 00000002
[05c8] 1e6e0004
[05cc] 00000003
[05d0] fffffffc
[05d4] 0000300d
[05d8] 1e6e2004
[05dc] ffffffff
[05e0] 00000000
[05e4] 00000002
[05e8] 1e6e0004
[05ec] 00000002
[05f0] fffffffc
[05f4] 0000100d
[05f8] 1e6e2004
[05fc] ffffffff
[0600] 00000000
[0604] 00000002
[0608] 1e6e0004
[060c] 00000001
[0610] fffffffc
[0614] 0000700c
[0618] 1e6e2500
[061c] 00006000
[0620] 00006000
[0624] 0000400c
[0628] 1e6e2500
[062c] 00004000
[0630] 00006000
[0634] 0000100c
[0638] 1e6e2500
[063c] 00002000
[0640] 00006000
[0644] 00000002
[0648] 1e6e2500
[064c] 00002000
[0650] ffffffff
[0654] 00000002
[0658] 1e6e0004
[065c] 00000001
[0660] fffffff3
[0664] 0000400d
[0668] 1e6e2004
[066c] ffffffff
[0670] 00000000
[0674] 00000002
[0678] 1e6e0004
[067c] 00000002
[0680] fffffff3
[0684] 0000200d
[0688] 1e6e2004
[068c] ffffffff
[0690] 00000000
[0694] 00000002
[0698] 1e6e0004
[069c] 00000003
[06a0] fffffff3
[06a4] 0000000d
[06a8] 1e6e2004
[06ac] ffffffff
[06b0] 00000000
[06b4] 00000002
[06b8] 1e6e2100
[06bc] 000000c0
[06c0] ffffffff
[06c4] 0000000f
